# JRE version: OpenJDK Runtime Environment (8.0_202-b03) (build 1.8.0_202-release-1483-b03)
# Java VM: OpenJDK 64-Bit Server VM (25.202-b03 mixed mode windows-amd64 compressed oops)
Heap:
 PSYoungGen      total 174592K, used 39303K [0x00000000e0000000, 0x00000000ecc00000, 0x0000000100000000)
  eden space 163328K, 17% used [0x00000000e0000000,0x00000000e1b954f0,0x00000000e9f80000)
  from space 11264K, 98% used [0x00000000ead00000,0x00000000eb7cc938,0x00000000eb800000)
  to   space 20480K, 0% used [0x00000000eb800000,0x00000000eb800000,0x00000000ecc00000)
 ParOldGen       total 144896K, used 49546K [0x00000000a0000000, 0x00000000a8d80000, 0x00000000e0000000)
  object space 144896K, 34% used [0x00000000a0000000,0x00000000a3062980,0x00000000a8d80000)
 Metaspace       used 84129K, capacity 87946K, committed 88216K, reserved 1126400K
  class space    used 11153K, capacity 11904K, committed 11944K, reserved 1048576K
GC Heap History (10 events):
Event: 19.729 GC heap before
{Heap before GC invocations=16 (full 3):
 PSYoungGen      total 174592K, used 158720K [0x00000000e0000000, 0x00000000ec000000, 0x0000000100000000)
  eden space 158720K, 100% used [0x00000000e0000000,0x00000000e9b00000,0x00000000e9b00000)
  from space 15872K, 0% used [0x00000000eaa00000,0x00000000eaa00000,0x00000000eb980000)
  to   space 15360K, 0% used [0x00000000e9b00000,0x00000000e9b00000,0x00000000eaa00000)
 ParOldGen       total 144896K, used 29848K [0x00000000a0000000, 0x00000000a8d80000, 0x00000000e0000000)
  object space 144896K, 20% used [0x00000000a0000000,0x00000000a1d26008,0x00000000a8d80000)
 Metaspace       used 61642K, capacity 63600K, committed 63640K, reserved 1103872K
  class space    used 8364K, capacity 8849K, committed 8872K, reserved 1048576K
Event: 19.735 GC heap after
Heap after GC invocations=16 (full 3):
 PSYoungGen      total 174080K, used 10318K [0x00000000e0000000, 0x00000000eca80000, 0x0000000100000000)
  eden space 158720K, 0% used [0x00000000e0000000,0x00000000e0000000,0x00000000e9b00000)
  from space 15360K, 67% used [0x00000000e9b00000,0x00000000ea513bd8,0x00000000eaa00000)
  to   space 15360K, 0% used [0x00000000ebb80000,0x00000000ebb80000,0x00000000eca80000)
 ParOldGen       total 144896K, used 29856K [0x00000000a0000000, 0x00000000a8d80000, 0x00000000e0000000)
  object space 144896K, 20% used [0x00000000a0000000,0x00000000a1d28008,0x00000000a8d80000)
 Metaspace       used 61642K, capacity 63600K, committed 63640K, reserved 1103872K
  class space    used 8364K, capacity 8849K, committed 8872K, reserved 1048576K
}
Event: 71.403 GC heap before
{Heap before GC invocations=17 (full 3):
 PSYoungGen      total 174080K, used 169038K [0x00000000e0000000, 0x00000000eca80000, 0x0000000100000000)
  eden space 158720K, 100% used [0x00000000e0000000,0x00000000e9b00000,0x00000000e9b00000)
  from space 15360K, 67% used [0x00000000e9b00000,0x00000000ea513bd8,0x00000000eaa00000)
  to   space 15360K, 0% used [0x00000000ebb80000,0x00000000ebb80000,0x00000000eca80000)
 ParOldGen       total 144896K, used 29856K [0x00000000a0000000, 0x00000000a8d80000, 0x00000000e0000000)
  object space 144896K, 20% used [0x00000000a0000000,0x00000000a1d28008,0x00000000a8d80000)
 Metaspace       used 73217K, capacity 75866K, committed 76056K, reserved 1114112K
  class space    used 9905K, capacity 10510K, committed 10536K, reserved 1048576K
Event: 71.433 GC heap after
Heap after GC invocations=17 (full 3):
 PSYoungGen      total 188416K, used 15339K [0x00000000e0000000, 0x00000000ece00000, 0x0000000100000000)
  eden space 173056K, 0% used [0x00000000e0000000,0x00000000e0000000,0x00000000ea900000)
  from space 15360K, 99% used [0x00000000ebb80000,0x00000000eca7af28,0x00000000eca80000)
  to   space 18944K, 0% used [0x00000000ea900000,0x00000000ea900000,0x00000000ebb80000)
 ParOldGen       total 144896K, used 35727K [0x00000000a0000000, 0x00000000a8d80000, 0x00000000e0000000)
  object space 144896K, 24% used [0x00000000a0000000,0x00000000a22e3c68,0x00000000a8d80000)
 Metaspace       used 73217K, capacity 75866K, committed 76056K, reserved 1114112K
  class space    used 9905K, capacity 10510K, committed 10536K, reserved 1048576K
}
Event: 214.879 GC heap before
{Heap before GC invocations=18 (full 3):
 PSYoungGen      total 188416K, used 188395K [0x00000000e0000000, 0x00000000ece00000, 0x0000000100000000)
  eden space 173056K, 100% used [0x00000000e0000000,0x00000000ea900000,0x00000000ea900000)
  from space 15360K, 99% used [0x00000000ebb80000,0x00000000eca7af28,0x00000000eca80000)
  to   space 18944K, 0% used [0x00000000ea900000,0x00000000ea900000,0x00000000ebb80000)
 ParOldGen       total 144896K, used 35727K [0x00000000a0000000, 0x00000000a8d80000, 0x00000000e0000000)
  object space 144896K, 24% used [0x00000000a0000000,0x00000000a22e3c68,0x00000000a8d80000)
 Metaspace       used 82531K, capacity 86192K, committed 86424K, reserved 1124352K
  class space    used 11120K, capacity 11863K, committed 11944K, reserved 1048576K
Event: 214.896 GC heap after
Heap after GC invocations=18 (full 3):
 PSYoungGen      total 192000K, used 18934K [0x00000000e0000000, 0x00000000ee200000, 0x0000000100000000)
  eden space 173056K, 0% used [0x00000000e0000000,0x00000000e0000000,0x00000000ea900000)
  from space 18944K, 99% used [0x00000000ea900000,0x00000000ebb7d868,0x00000000ebb80000)
  to   space 23040K, 0% used [0x00000000ecb80000,0x00000000ecb80000,0x00000000ee200000)
 ParOldGen       total 144896K, used 39917K [0x00000000a0000000, 0x00000000a8d80000, 0x00000000e0000000)
  object space 144896K, 27% used [0x00000000a0000000,0x00000000a26fb568,0x00000000a8d80000)
 Metaspace       used 82531K, capacity 86192K, committed 86424K, reserved 1124352K
  class space    used 11120K, capacity 11863K, committed 11944K, reserved 1048576K
}
Event: 259.780 GC heap before
{Heap before GC invocations=19 (full 3):
 PSYoungGen      total 192000K, used 191990K [0x00000000e0000000, 0x00000000ee200000, 0x0000000100000000)
  eden space 173056K, 100% used [0x00000000e0000000,0x00000000ea900000,0x00000000ea900000)
  from space 18944K, 99% used [0x00000000ea900000,0x00000000ebb7d868,0x00000000ebb80000)
  to   space 23040K, 0% used [0x00000000ecb80000,0x00000000ecb80000,0x00000000ee200000)
 ParOldGen       total 144896K, used 39917K [0x00000000a0000000, 0x00000000a8d80000, 0x00000000e0000000)
  object space 144896K, 27% used [0x00000000a0000000,0x00000000a26fb568,0x00000000a8d80000)
 Metaspace       used 83213K, capacity 86982K, committed 87192K, reserved 1124352K
  class space    used 11123K, capacity 11866K, committed 11944K, reserved 1048576K
Event: 259.815 GC heap after
Heap after GC invocations=19 (full 3):
 PSYoungGen      total 182784K, used 14547K [0x00000000e0000000, 0x00000000eda00000, 0x0000000100000000)
  eden space 167936K, 0% used [0x00000000e0000000,0x00000000e0000000,0x00000000ea400000)
  from space 14848K, 97% used [0x00000000ecb80000,0x00000000ed9b4e10,0x00000000eda00000)
  to   space 23040K, 0% used [0x00000000ead00000,0x00000000ead00000,0x00000000ec380000)
 ParOldGen       total 144896K, used 49538K [0x00000000a0000000, 0x00000000a8d80000, 0x00000000e0000000)
  object space 144896K, 34% used [0x00000000a0000000,0x00000000a3060980,0x00000000a8d80000)
 Metaspace       used 83213K, capacity 86982K, committed 87192K, reserved 1124352K
  class space    used 11123K, capacity 11866K, committed 11944K, reserved 1048576K
}
Event: 382.592 GC heap before
{Heap before GC invocations=20 (full 3):
 PSYoungGen      total 182784K, used 182483K [0x00000000e0000000, 0x00000000eda00000, 0x0000000100000000)
  eden space 167936K, 100% used [0x00000000e0000000,0x00000000ea400000,0x00000000ea400000)
  from space 14848K, 97% used [0x00000000ecb80000,0x00000000ed9b4e10,0x00000000eda00000)
  to   space 23040K, 0% used [0x00000000ead00000,0x00000000ead00000,0x00000000ec380000)
 ParOldGen       total 144896K, used 49538K [0x00000000a0000000, 0x00000000a8d80000, 0x00000000e0000000)
  object space 144896K, 34% used [0x00000000a0000000,0x00000000a3060980,0x00000000a8d80000)
 Metaspace       used 84016K, capacity 87852K, committed 87960K, reserved 1126400K
  class space    used 11150K, capacity 11899K, committed 11944K, reserved 1048576K
Event: 382.601 GC heap after
Heap after GC invocations=20 (full 3):
 PSYoungGen      total 174592K, used 11058K [0x00000000e0000000, 0x00000000ecc00000, 0x0000000100000000)
  eden space 163328K, 0% used [0x00000000e0000000,0x00000000e0000000,0x00000000e9f80000)
  from space 11264K, 98% used [0x00000000ead00000,0x00000000eb7cc938,0x00000000eb800000)
  to   space 20480K, 0% used [0x00000000eb800000,0x00000000eb800000,0x00000000ecc00000)
 ParOldGen       total 144896K, used 49546K [0x00000000a0000000, 0x00000000a8d80000, 0x00000000e0000000)
  object space 144896K, 34% used [0x00000000a0000000,0x00000000a3062980,0x00000000a8d80000)
 Metaspace       used 84016K, capacity 87852K, committed 87960K, reserved 1126400K
  class space    used 11150K, capacity 11899K, committed 11944K, reserved 1048576K
}

