# JRE version: OpenJDK Runtime Environment (8.0_202-b03) (build 1.8.0_202-release-1483-b03)
# Java VM: OpenJDK 64-Bit Server VM (25.202-b03 mixed mode windows-amd64 compressed oops)
Heap:
 PSYoungGen      total 48640K, used 20927K [0x00000000e0000000, 0x00000000e4300000, 0x0000000100000000)
  eden space 34304K, 19% used [0x00000000e0000000,0x00000000e0675428,0x00000000e2180000)
  from space 14336K, 99% used [0x00000000e3180000,0x00000000e3f7a8a0,0x00000000e3f80000)
  to   space 16384K, 0% used [0x00000000e2180000,0x00000000e2180000,0x00000000e3180000)
 ParOldGen       total 78848K, used 17905K [0x00000000a0000000, 0x00000000a4d00000, 0x00000000e0000000)
  object space 78848K, 22% used [0x00000000a0000000,0x00000000a117c5d0,0x00000000a4d00000)
 Metaspace       used 56359K, capacity 57866K, committed 58024K, reserved 1099776K
  class space    used 7687K, capacity 8090K, committed 8104K, reserved 1048576K
GC Heap History (10 events):
Event: 108.751 GC heap before
{Heap before GC invocations=16 (full 2):
 PSYoungGen      total 46080K, used 45578K [0x00000000e0000000, 0x00000000e3b80000, 0x0000000100000000)
  eden space 39424K, 100% used [0x00000000e0000000,0x00000000e2680000,0x00000000e2680000)
  from space 6656K, 92% used [0x00000000e2700000,0x00000000e2d02828,0x00000000e2d80000)
  to   space 10752K, 0% used [0x00000000e3100000,0x00000000e3100000,0x00000000e3b80000)
 ParOldGen       total 78848K, used 15475K [0x00000000a0000000, 0x00000000a4d00000, 0x00000000e0000000)
  object space 78848K, 19% used [0x00000000a0000000,0x00000000a0f1ce90,0x00000000a4d00000)
 Metaspace       used 43507K, capacity 44392K, committed 44584K, reserved 1087488K
  class space    used 5904K, capacity 6136K, committed 6184K, reserved 1048576K
Event: 108.755 GC heap after
Heap after GC invocations=16 (full 2):
 PSYoungGen      total 48128K, used 6348K [0x00000000e0000000, 0x00000000e3a00000, 0x0000000100000000)
  eden space 38912K, 0% used [0x00000000e0000000,0x00000000e0000000,0x00000000e2600000)
  from space 9216K, 68% used [0x00000000e3100000,0x00000000e37332a0,0x00000000e3a00000)
  to   space 10240K, 0% used [0x00000000e2600000,0x00000000e2600000,0x00000000e3000000)
 ParOldGen       total 78848K, used 15483K [0x00000000a0000000, 0x00000000a4d00000, 0x00000000e0000000)
  object space 78848K, 19% used [0x00000000a0000000,0x00000000a0f1ee90,0x00000000a4d00000)
 Metaspace       used 43507K, capacity 44392K, committed 44584K, reserved 1087488K
  class space    used 5904K, capacity 6136K, committed 6184K, reserved 1048576K
}
Event: 110.471 GC heap before
{Heap before GC invocations=17 (full 2):
 PSYoungGen      total 48128K, used 45260K [0x00000000e0000000, 0x00000000e3a00000, 0x0000000100000000)
  eden space 38912K, 100% used [0x00000000e0000000,0x00000000e2600000,0x00000000e2600000)
  from space 9216K, 68% used [0x00000000e3100000,0x00000000e37332a0,0x00000000e3a00000)
  to   space 10240K, 0% used [0x00000000e2600000,0x00000000e2600000,0x00000000e3000000)
 ParOldGen       total 78848K, used 15483K [0x00000000a0000000, 0x00000000a4d00000, 0x00000000e0000000)
  object space 78848K, 19% used [0x00000000a0000000,0x00000000a0f1ee90,0x00000000a4d00000)
 Metaspace       used 45561K, capacity 46604K, committed 47016K, reserved 1089536K
  class space    used 6160K, capacity 6459K, committed 6568K, reserved 1048576K
Event: 110.488 GC heap after
Heap after GC invocations=17 (full 2):
 PSYoungGen      total 48640K, used 9957K [0x00000000e0000000, 0x00000000e3b80000, 0x0000000100000000)
  eden space 38400K, 0% used [0x00000000e0000000,0x00000000e0000000,0x00000000e2580000)
  from space 10240K, 97% used [0x00000000e2600000,0x00000000e2fb9758,0x00000000e3000000)
  to   space 11264K, 0% used [0x00000000e3080000,0x00000000e3080000,0x00000000e3b80000)
 ParOldGen       total 78848K, used 15491K [0x00000000a0000000, 0x00000000a4d00000, 0x00000000e0000000)
  object space 78848K, 19% used [0x00000000a0000000,0x00000000a0f20e90,0x00000000a4d00000)
 Metaspace       used 45561K, capacity 46604K, committed 47016K, reserved 1089536K
  class space    used 6160K, capacity 6459K, committed 6568K, reserved 1048576K
}
Event: 113.182 GC heap before
{Heap before GC invocations=18 (full 2):
 PSYoungGen      total 48640K, used 48357K [0x00000000e0000000, 0x00000000e3b80000, 0x0000000100000000)
  eden space 38400K, 100% used [0x00000000e0000000,0x00000000e2580000,0x00000000e2580000)
  from space 10240K, 97% used [0x00000000e2600000,0x00000000e2fb9758,0x00000000e3000000)
  to   space 11264K, 0% used [0x00000000e3080000,0x00000000e3080000,0x00000000e3b80000)
 ParOldGen       total 78848K, used 15491K [0x00000000a0000000, 0x00000000a4d00000, 0x00000000e0000000)
  object space 78848K, 19% used [0x00000000a0000000,0x00000000a0f20e90,0x00000000a4d00000)
 Metaspace       used 49621K, capacity 50856K, committed 51112K, reserved 1093632K
  class space    used 6706K, capacity 7017K, committed 7080K, reserved 1048576K
Event: 113.189 GC heap after
Heap after GC invocations=18 (full 2):
 PSYoungGen      total 48128K, used 11241K [0x00000000e0000000, 0x00000000e3e00000, 0x0000000100000000)
  eden space 36864K, 0% used [0x00000000e0000000,0x00000000e0000000,0x00000000e2400000)
  from space 11264K, 99% used [0x00000000e3080000,0x00000000e3b7a780,0x00000000e3b80000)
  to   space 12800K, 0% used [0x00000000e2400000,0x00000000e2400000,0x00000000e3080000)
 ParOldGen       total 78848K, used 16740K [0x00000000a0000000, 0x00000000a4d00000, 0x00000000e0000000)
  object space 78848K, 21% used [0x00000000a0000000,0x00000000a1059278,0x00000000a4d00000)
 Metaspace       used 49621K, capacity 50856K, committed 51112K, reserved 1093632K
  class space    used 6706K, capacity 7017K, committed 7080K, reserved 1048576K
}
Event: 115.638 GC heap before
{Heap before GC invocations=19 (full 2):
 PSYoungGen      total 48128K, used 48105K [0x00000000e0000000, 0x00000000e3e00000, 0x0000000100000000)
  eden space 36864K, 100% used [0x00000000e0000000,0x00000000e2400000,0x00000000e2400000)
  from space 11264K, 99% used [0x00000000e3080000,0x00000000e3b7a780,0x00000000e3b80000)
  to   space 12800K, 0% used [0x00000000e2400000,0x00000000e2400000,0x00000000e3080000)
 ParOldGen       total 78848K, used 16740K [0x00000000a0000000, 0x00000000a4d00000, 0x00000000e0000000)
  object space 78848K, 21% used [0x00000000a0000000,0x00000000a1059278,0x00000000a4d00000)
 Metaspace       used 52470K, capacity 53916K, committed 54184K, reserved 1095680K
  class space    used 7124K, capacity 7517K, committed 7592K, reserved 1048576K
Event: 115.645 GC heap after
Heap after GC invocations=19 (full 2):
 PSYoungGen      total 49152K, used 12771K [0x00000000e0000000, 0x00000000e3f80000, 0x0000000100000000)
  eden space 36352K, 0% used [0x00000000e0000000,0x00000000e0000000,0x00000000e2380000)
  from space 12800K, 99% used [0x00000000e2400000,0x00000000e3078de0,0x00000000e3080000)
  to   space 14336K, 0% used [0x00000000e3180000,0x00000000e3180000,0x00000000e3f80000)
 ParOldGen       total 78848K, used 17522K [0x00000000a0000000, 0x00000000a4d00000, 0x00000000e0000000)
  object space 78848K, 22% used [0x00000000a0000000,0x00000000a111ca00,0x00000000a4d00000)
 Metaspace       used 52470K, capacity 53916K, committed 54184K, reserved 1095680K
  class space    used 7124K, capacity 7517K, committed 7592K, reserved 1048576K
}
Event: 119.151 GC heap before
{Heap before GC invocations=20 (full 2):
 PSYoungGen      total 49152K, used 49123K [0x00000000e0000000, 0x00000000e3f80000, 0x0000000100000000)
  eden space 36352K, 100% used [0x00000000e0000000,0x00000000e2380000,0x00000000e2380000)
  from space 12800K, 99% used [0x00000000e2400000,0x00000000e3078de0,0x00000000e3080000)
  to   space 14336K, 0% used [0x00000000e3180000,0x00000000e3180000,0x00000000e3f80000)
 ParOldGen       total 78848K, used 17522K [0x00000000a0000000, 0x00000000a4d00000, 0x00000000e0000000)
  object space 78848K, 22% used [0x00000000a0000000,0x00000000a111ca00,0x00000000a4d00000)
 Metaspace       used 55866K, capacity 57410K, committed 57768K, reserved 1099776K
  class space    used 7627K, capacity 8024K, committed 8104K, reserved 1048576K
Event: 119.160 GC heap after
Heap after GC invocations=20 (full 2):
 PSYoungGen      total 48640K, used 14314K [0x00000000e0000000, 0x00000000e4300000, 0x0000000100000000)
  eden space 34304K, 0% used [0x00000000e0000000,0x00000000e0000000,0x00000000e2180000)
  from space 14336K, 99% used [0x00000000e3180000,0x00000000e3f7a8a0,0x00000000e3f80000)
  to   space 16384K, 0% used [0x00000000e2180000,0x00000000e2180000,0x00000000e3180000)
 ParOldGen       total 78848K, used 17905K [0x00000000a0000000, 0x00000000a4d00000, 0x00000000e0000000)
  object space 78848K, 22% used [0x00000000a0000000,0x00000000a117c5d0,0x00000000a4d00000)
 Metaspace       used 55866K, capacity 57410K, committed 57768K, reserved 1099776K
  class space    used 7627K, capacity 8024K, committed 8104K, reserved 1048576K
}

