# JRE version: OpenJDK Runtime Environment (8.0_242-b01) (build 1.8.0_242-release-1644-b01)
# Java VM: OpenJDK 64-Bit Server VM (25.242-b01 mixed mode windows-amd64 compressed oops)
Heap:
 PSYoungGen      total 204288K, used 49450K [0x00000000e0000000, 0x00000000ef500000, 0x0000000100000000)
  eden space 175616K, 15% used [0x00000000e0000000,0x00000000e19e9e78,0x00000000eab80000)
  from space 28672K, 79% used [0x00000000eab80000,0x00000000ec1e0a70,0x00000000ec780000)
  to   space 30720K, 0% used [0x00000000ed700000,0x00000000ed700000,0x00000000ef500000)
 ParOldGen       total 152576K, used 59261K [0x00000000a0000000, 0x00000000a9500000, 0x00000000e0000000)
  object space 152576K, 38% used [0x00000000a0000000,0x00000000a39df738,0x00000000a9500000)
 Metaspace       used 90125K, capacity 94342K, committed 94552K, reserved 1130496K
  class space    used 11756K, capacity 12596K, committed 12672K, reserved 1048576K
GC Heap History (10 events):
Event: 22.004 GC heap before
{Heap before GC invocations=16 (full 3):
 PSYoungGen      total 156672K, used 140800K [0x00000000e0000000, 0x00000000ebf80000, 0x0000000100000000)
  eden space 140800K, 100% used [0x00000000e0000000,0x00000000e8980000,0x00000000e8980000)
  from space 15872K, 0% used [0x00000000e9b00000,0x00000000e9b00000,0x00000000eaa80000)
  to   space 17920K, 0% used [0x00000000e8980000,0x00000000e8980000,0x00000000e9b00000)
 ParOldGen       total 152576K, used 32836K [0x00000000a0000000, 0x00000000a9500000, 0x00000000e0000000)
  object space 152576K, 21% used [0x00000000a0000000,0x00000000a2011170,0x00000000a9500000)
 Metaspace       used 63183K, capacity 65444K, committed 65624K, reserved 1105920K
  class space    used 8568K, capacity 9039K, committed 9088K, reserved 1048576K
Event: 22.023 GC heap after
Heap after GC invocations=16 (full 3):
 PSYoungGen      total 158720K, used 10608K [0x00000000e0000000, 0x00000000ec100000, 0x0000000100000000)
  eden space 140800K, 0% used [0x00000000e0000000,0x00000000e0000000,0x00000000e8980000)
  from space 17920K, 59% used [0x00000000e8980000,0x00000000e93dc330,0x00000000e9b00000)
  to   space 17408K, 0% used [0x00000000eb000000,0x00000000eb000000,0x00000000ec100000)
 ParOldGen       total 152576K, used 32844K [0x00000000a0000000, 0x00000000a9500000, 0x00000000e0000000)
  object space 152576K, 21% used [0x00000000a0000000,0x00000000a2013170,0x00000000a9500000)
 Metaspace       used 63183K, capacity 65444K, committed 65624K, reserved 1105920K
  class space    used 8568K, capacity 9039K, committed 9088K, reserved 1048576K
}
Event: 25.577 GC heap before
{Heap before GC invocations=17 (full 3):
 PSYoungGen      total 158720K, used 151408K [0x00000000e0000000, 0x00000000ec100000, 0x0000000100000000)
  eden space 140800K, 100% used [0x00000000e0000000,0x00000000e8980000,0x00000000e8980000)
  from space 17920K, 59% used [0x00000000e8980000,0x00000000e93dc330,0x00000000e9b00000)
  to   space 17408K, 0% used [0x00000000eb000000,0x00000000eb000000,0x00000000ec100000)
 ParOldGen       total 152576K, used 32844K [0x00000000a0000000, 0x00000000a9500000, 0x00000000e0000000)
  object space 152576K, 21% used [0x00000000a0000000,0x00000000a2013170,0x00000000a9500000)
 Metaspace       used 73909K, capacity 76524K, committed 76888K, reserved 1116160K
  class space    used 9998K, capacity 10533K, committed 10624K, reserved 1048576K
Event: 25.607 GC heap after
Heap after GC invocations=17 (full 3):
 PSYoungGen      total 176128K, used 17394K [0x00000000e0000000, 0x00000000ec780000, 0x0000000100000000)
  eden space 158720K, 0% used [0x00000000e0000000,0x00000000e0000000,0x00000000e9b00000)
  from space 17408K, 99% used [0x00000000eb000000,0x00000000ec0fc9c0,0x00000000ec100000)
  to   space 21504K, 0% used [0x00000000e9b00000,0x00000000e9b00000,0x00000000eb000000)
 ParOldGen       total 152576K, used 38276K [0x00000000a0000000, 0x00000000a9500000, 0x00000000e0000000)
  object space 152576K, 25% used [0x00000000a0000000,0x00000000a2561348,0x00000000a9500000)
 Metaspace       used 73909K, capacity 76524K, committed 76888K, reserved 1116160K
  class space    used 9998K, capacity 10533K, committed 10624K, reserved 1048576K
}
Event: 91.233 GC heap before
{Heap before GC invocations=18 (full 3):
 PSYoungGen      total 176128K, used 176114K [0x00000000e0000000, 0x00000000ec780000, 0x0000000100000000)
  eden space 158720K, 100% used [0x00000000e0000000,0x00000000e9b00000,0x00000000e9b00000)
  from space 17408K, 99% used [0x00000000eb000000,0x00000000ec0fc9c0,0x00000000ec100000)
  to   space 21504K, 0% used [0x00000000e9b00000,0x00000000e9b00000,0x00000000eb000000)
 ParOldGen       total 152576K, used 38276K [0x00000000a0000000, 0x00000000a9500000, 0x00000000e0000000)
  object space 152576K, 25% used [0x00000000a0000000,0x00000000a2561348,0x00000000a9500000)
 Metaspace       used 81679K, capacity 85460K, committed 85592K, reserved 1124352K
  class space    used 10796K, capacity 11533K, committed 11648K, reserved 1048576K
Event: 91.278 GC heap after
Heap after GC invocations=18 (full 3):
 PSYoungGen      total 180224K, used 21499K [0x00000000e0000000, 0x00000000ee180000, 0x0000000100000000)
  eden space 158720K, 0% used [0x00000000e0000000,0x00000000e0000000,0x00000000e9b00000)
  from space 21504K, 99% used [0x00000000e9b00000,0x00000000eaffef48,0x00000000eb000000)
  to   space 26624K, 0% used [0x00000000ec780000,0x00000000ec780000,0x00000000ee180000)
 ParOldGen       total 152576K, used 44326K [0x00000000a0000000, 0x00000000a9500000, 0x00000000e0000000)
  object space 152576K, 29% used [0x00000000a0000000,0x00000000a2b49880,0x00000000a9500000)
 Metaspace       used 81679K, capacity 85460K, committed 85592K, reserved 1124352K
  class space    used 10796K, capacity 11533K, committed 11648K, reserved 1048576K
}
Event: 97.898 GC heap before
{Heap before GC invocations=19 (full 3):
 PSYoungGen      total 180224K, used 180219K [0x00000000e0000000, 0x00000000ee180000, 0x0000000100000000)
  eden space 158720K, 100% used [0x00000000e0000000,0x00000000e9b00000,0x00000000e9b00000)
  from space 21504K, 99% used [0x00000000e9b00000,0x00000000eaffef48,0x00000000eb000000)
  to   space 26624K, 0% used [0x00000000ec780000,0x00000000ec780000,0x00000000ee180000)
 ParOldGen       total 152576K, used 44326K [0x00000000a0000000, 0x00000000a9500000, 0x00000000e0000000)
  object space 152576K, 29% used [0x00000000a0000000,0x00000000a2b49880,0x00000000a9500000)
 Metaspace       used 85656K, capacity 89754K, committed 89944K, reserved 1126400K
  class space    used 11253K, capacity 12052K, committed 12160K, reserved 1048576K
Event: 97.973 GC heap after
Heap after GC invocations=19 (full 3):
 PSYoungGen      total 202240K, used 21136K [0x00000000e0000000, 0x00000000ee680000, 0x0000000100000000)
  eden space 175616K, 0% used [0x00000000e0000000,0x00000000e0000000,0x00000000eab80000)
  from space 26624K, 79% used [0x00000000ec780000,0x00000000edc242b8,0x00000000ee180000)
  to   space 28672K, 0% used [0x00000000eab80000,0x00000000eab80000,0x00000000ec780000)
 ParOldGen       total 152576K, used 59253K [0x00000000a0000000, 0x00000000a9500000, 0x00000000e0000000)
  object space 152576K, 38% used [0x00000000a0000000,0x00000000a39dd738,0x00000000a9500000)
 Metaspace       used 85656K, capacity 89754K, committed 89944K, reserved 1126400K
  class space    used 11253K, capacity 12052K, committed 12160K, reserved 1048576K
}
Event: 111.329 GC heap before
{Heap before GC invocations=20 (full 3):
 PSYoungGen      total 202240K, used 196752K [0x00000000e0000000, 0x00000000ee680000, 0x0000000100000000)
  eden space 175616K, 100% used [0x00000000e0000000,0x00000000eab80000,0x00000000eab80000)
  from space 26624K, 79% used [0x00000000ec780000,0x00000000edc242b8,0x00000000ee180000)
  to   space 28672K, 0% used [0x00000000eab80000,0x00000000eab80000,0x00000000ec780000)
 ParOldGen       total 152576K, used 59253K [0x00000000a0000000, 0x00000000a9500000, 0x00000000e0000000)
  object space 152576K, 38% used [0x00000000a0000000,0x00000000a39dd738,0x00000000a9500000)
 Metaspace       used 89906K, capacity 94118K, committed 94296K, reserved 1130496K
  class space    used 11735K, capacity 12564K, committed 12672K, reserved 1048576K
Event: 111.397 GC heap after
Heap after GC invocations=20 (full 3):
 PSYoungGen      total 204288K, used 22914K [0x00000000e0000000, 0x00000000ef500000, 0x0000000100000000)
  eden space 175616K, 0% used [0x00000000e0000000,0x00000000e0000000,0x00000000eab80000)
  from space 28672K, 79% used [0x00000000eab80000,0x00000000ec1e0a70,0x00000000ec780000)
  to   space 30720K, 0% used [0x00000000ed700000,0x00000000ed700000,0x00000000ef500000)
 ParOldGen       total 152576K, used 59261K [0x00000000a0000000, 0x00000000a9500000, 0x00000000e0000000)
  object space 152576K, 38% used [0x00000000a0000000,0x00000000a39df738,0x00000000a9500000)
 Metaspace       used 89906K, capacity 94118K, committed 94296K, reserved 1130496K
  class space    used 11735K, capacity 12564K, committed 12672K, reserved 1048576K
}

