# JRE version: OpenJDK Runtime Environment (8.0_202-b03) (build 1.8.0_202-release-1483-b03)
# Java VM: OpenJDK 64-Bit Server VM (25.202-b03 mixed mode windows-amd64 compressed oops)
Heap:
 PSYoungGen      total 98304K, used 19162K [0x00000000e0000000, 0x00000000e8600000, 0x0000000100000000)
  eden space 83456K, 5% used [0x00000000e0000000,0x00000000e04bf118,0x00000000e5180000)
  from space 14848K, 96% used [0x00000000e7780000,0x00000000e8577750,0x00000000e8600000)
  to   space 13312K, 0% used [0x00000000e5180000,0x00000000e5180000,0x00000000e5e80000)
 ParOldGen       total 95232K, used 21386K [0x00000000a0000000, 0x00000000a5d00000, 0x00000000e0000000)
  object space 95232K, 22% used [0x00000000a0000000,0x00000000a14e2bf8,0x00000000a5d00000)
 Metaspace       used 56197K, capacity 57736K, committed 58024K, reserved 1099776K
  class space    used 7656K, capacity 8055K, committed 8104K, reserved 1048576K
GC Heap History (10 events):
Event: 17.094 GC heap before
{Heap before GC invocations=12 (full 1):
 PSYoungGen      total 74240K, used 13262K [0x00000000e0000000, 0x00000000e5400000, 0x0000000100000000)
  eden space 64512K, 5% used [0x00000000e0000000,0x00000000e0379878,0x00000000e3f00000)
  from space 9728K, 99% used [0x00000000e4a00000,0x00000000e537a378,0x00000000e5380000)
  to   space 10752K, 0% used [0x00000000e3f00000,0x00000000e3f00000,0x00000000e4980000)
 ParOldGen       total 68608K, used 11392K [0x00000000a0000000, 0x00000000a4300000, 0x00000000e0000000)
  object space 68608K, 16% used [0x00000000a0000000,0x00000000a0b20280,0x00000000a4300000)
 Metaspace       used 34695K, capacity 35432K, committed 35496K, reserved 1079296K
  class space    used 4791K, capacity 5005K, committed 5032K, reserved 1048576K
Event: 17.099 GC heap after
Heap after GC invocations=12 (full 1):
 PSYoungGen      total 75264K, used 8658K [0x00000000e0000000, 0x00000000e6980000, 0x0000000100000000)
  eden space 64512K, 0% used [0x00000000e0000000,0x00000000e0000000,0x00000000e3f00000)
  from space 10752K, 80% used [0x00000000e3f00000,0x00000000e4774a80,0x00000000e4980000)
  to   space 11264K, 0% used [0x00000000e5e80000,0x00000000e5e80000,0x00000000e6980000)
 ParOldGen       total 68608K, used 11400K [0x00000000a0000000, 0x00000000a4300000, 0x00000000e0000000)
  object space 68608K, 16% used [0x00000000a0000000,0x00000000a0b22280,0x00000000a4300000)
 Metaspace       used 34695K, capacity 35432K, committed 35496K, reserved 1079296K
  class space    used 4791K, capacity 5005K, committed 5032K, reserved 1048576K
}
Event: 17.099 GC heap before
{Heap before GC invocations=13 (full 2):
 PSYoungGen      total 75264K, used 8658K [0x00000000e0000000, 0x00000000e6980000, 0x0000000100000000)
  eden space 64512K, 0% used [0x00000000e0000000,0x00000000e0000000,0x00000000e3f00000)
  from space 10752K, 80% used [0x00000000e3f00000,0x00000000e4774a80,0x00000000e4980000)
  to   space 11264K, 0% used [0x00000000e5e80000,0x00000000e5e80000,0x00000000e6980000)
 ParOldGen       total 68608K, used 11400K [0x00000000a0000000, 0x00000000a4300000, 0x00000000e0000000)
  object space 68608K, 16% used [0x00000000a0000000,0x00000000a0b22280,0x00000000a4300000)
 Metaspace       used 34695K, capacity 35432K, committed 35496K, reserved 1079296K
  class space    used 4791K, capacity 5005K, committed 5032K, reserved 1048576K
Event: 17.147 GC heap after
Heap after GC invocations=13 (full 2):
 PSYoungGen      total 75264K, used 0K [0x00000000e0000000, 0x00000000e6980000, 0x0000000100000000)
  eden space 64512K, 0% used [0x00000000e0000000,0x00000000e0000000,0x00000000e3f00000)
  from space 10752K, 0% used [0x00000000e3f00000,0x00000000e3f00000,0x00000000e4980000)
  to   space 11264K, 0% used [0x00000000e5e80000,0x00000000e5e80000,0x00000000e6980000)
 ParOldGen       total 95232K, used 15672K [0x00000000a0000000, 0x00000000a5d00000, 0x00000000e0000000)
  object space 95232K, 16% used [0x00000000a0000000,0x00000000a0f4e320,0x00000000a5d00000)
 Metaspace       used 34668K, capacity 35342K, committed 35496K, reserved 1079296K
  class space    used 4783K, capacity 4990K, committed 5032K, reserved 1048576K
}
Event: 24.901 GC heap before
{Heap before GC invocations=14 (full 2):
 PSYoungGen      total 75264K, used 64512K [0x00000000e0000000, 0x00000000e6980000, 0x0000000100000000)
  eden space 64512K, 100% used [0x00000000e0000000,0x00000000e3f00000,0x00000000e3f00000)
  from space 10752K, 0% used [0x00000000e3f00000,0x00000000e3f00000,0x00000000e4980000)
  to   space 11264K, 0% used [0x00000000e5e80000,0x00000000e5e80000,0x00000000e6980000)
 ParOldGen       total 95232K, used 15672K [0x00000000a0000000, 0x00000000a5d00000, 0x00000000e0000000)
  object space 95232K, 16% used [0x00000000a0000000,0x00000000a0f4e320,0x00000000a5d00000)
 Metaspace       used 42426K, capacity 43390K, committed 43688K, reserved 1087488K
  class space    used 5745K, capacity 5993K, committed 6056K, reserved 1048576K
Event: 24.909 GC heap after
Heap after GC invocations=14 (full 2):
 PSYoungGen      total 94720K, used 11257K [0x00000000e0000000, 0x00000000e6c00000, 0x0000000100000000)
  eden space 83456K, 0% used [0x00000000e0000000,0x00000000e0000000,0x00000000e5180000)
  from space 11264K, 99% used [0x00000000e5e80000,0x00000000e697e458,0x00000000e6980000)
  to   space 13312K, 0% used [0x00000000e5180000,0x00000000e5180000,0x00000000e5e80000)
 ParOldGen       total 95232K, used 16993K [0x00000000a0000000, 0x00000000a5d00000, 0x00000000e0000000)
  object space 95232K, 17% used [0x00000000a0000000,0x00000000a1098780,0x00000000a5d00000)
 Metaspace       used 42426K, capacity 43390K, committed 43688K, reserved 1087488K
  class space    used 5745K, capacity 5993K, committed 6056K, reserved 1048576K
}
Event: 27.808 GC heap before
{Heap before GC invocations=15 (full 2):
 PSYoungGen      total 94720K, used 94713K [0x00000000e0000000, 0x00000000e6c00000, 0x0000000100000000)
  eden space 83456K, 100% used [0x00000000e0000000,0x00000000e5180000,0x00000000e5180000)
  from space 11264K, 99% used [0x00000000e5e80000,0x00000000e697e458,0x00000000e6980000)
  to   space 13312K, 0% used [0x00000000e5180000,0x00000000e5180000,0x00000000e5e80000)
 ParOldGen       total 95232K, used 16993K [0x00000000a0000000, 0x00000000a5d00000, 0x00000000e0000000)
  object space 95232K, 17% used [0x00000000a0000000,0x00000000a1098780,0x00000000a5d00000)
 Metaspace       used 48952K, capacity 50218K, committed 50344K, reserved 1093632K
  class space    used 6619K, capacity 6972K, committed 7080K, reserved 1048576K
Event: 27.821 GC heap after
Heap after GC invocations=15 (full 2):
 PSYoungGen      total 96768K, used 13282K [0x00000000e0000000, 0x00000000e8600000, 0x0000000100000000)
  eden space 83456K, 0% used [0x00000000e0000000,0x00000000e0000000,0x00000000e5180000)
  from space 13312K, 99% used [0x00000000e5180000,0x00000000e5e78b28,0x00000000e5e80000)
  to   space 14848K, 0% used [0x00000000e7780000,0x00000000e7780000,0x00000000e8600000)
 ParOldGen       total 95232K, used 17543K [0x00000000a0000000, 0x00000000a5d00000, 0x00000000e0000000)
  object space 95232K, 18% used [0x00000000a0000000,0x00000000a1121e40,0x00000000a5d00000)
 Metaspace       used 48952K, capacity 50218K, committed 50344K, reserved 1093632K
  class space    used 6619K, capacity 6972K, committed 7080K, reserved 1048576K
}
Event: 29.633 GC heap before
{Heap before GC invocations=16 (full 2):
 PSYoungGen      total 96768K, used 96738K [0x00000000e0000000, 0x00000000e8600000, 0x0000000100000000)
  eden space 83456K, 100% used [0x00000000e0000000,0x00000000e5180000,0x00000000e5180000)
  from space 13312K, 99% used [0x00000000e5180000,0x00000000e5e78b28,0x00000000e5e80000)
  to   space 14848K, 0% used [0x00000000e7780000,0x00000000e7780000,0x00000000e8600000)
 ParOldGen       total 95232K, used 17543K [0x00000000a0000000, 0x00000000a5d00000, 0x00000000e0000000)
  object space 95232K, 18% used [0x00000000a0000000,0x00000000a1121e40,0x00000000a5d00000)
 Metaspace       used 55893K, capacity 57428K, committed 57768K, reserved 1099776K
  class space    used 7608K, capacity 8019K, committed 8104K, reserved 1048576K
Event: 29.647 GC heap after
Heap after GC invocations=16 (full 2):
 PSYoungGen      total 98304K, used 14301K [0x00000000e0000000, 0x00000000e8600000, 0x0000000100000000)
  eden space 83456K, 0% used [0x00000000e0000000,0x00000000e0000000,0x00000000e5180000)
  from space 14848K, 96% used [0x00000000e7780000,0x00000000e8577750,0x00000000e8600000)
  to   space 13312K, 0% used [0x00000000e5180000,0x00000000e5180000,0x00000000e5e80000)
 ParOldGen       total 95232K, used 21386K [0x00000000a0000000, 0x00000000a5d00000, 0x00000000e0000000)
  object space 95232K, 22% used [0x00000000a0000000,0x00000000a14e2bf8,0x00000000a5d00000)
 Metaspace       used 55893K, capacity 57428K, committed 57768K, reserved 1099776K
  class space    used 7608K, capacity 8019K, committed 8104K, reserved 1048576K
}

